Arguments: 
  /Users/nikolamitev/.nvm/versions/node/v16.13.1/bin/node /Users/nikolamitev/.nvm/versions/node/v16.13.1/bin/yarn add bootstrap/scss/bootstrap

PATH: 
  /Users/nikolamitev/.rbenv/shims:/opt/homebrew/bin:/opt/homebrew/bin:/usr/local/bin:./bin:./node_modules/.bin:/Users/nikolamitev/.nvm/versions/node/v16.13.1/bin:/Users/nikolamitev/.rbenv/bin:/Users/nikolamitev/.pyenv/bin:/usr/local/bin:/usr/bin:/bin:/usr/sbin:/sbin:/Users/nikolamitev/.rbenv/plugins/ruby-build/bin:/Users/nikolamitev/.rbenv/bin:/usr/local/sbin

Yarn version: 
  1.22.18

Node version: 
  16.13.1

Platform: 
  darwin arm64

Trace: 
  Error: https://registry.yarnpkg.com/bootstrap%2fscss/bootstrap: Request "https://registry.yarnpkg.com/bootstrap%2fscss/bootstrap" returned a 405
      at Request.params.callback [as _callback] (/Users/nikolamitev/.nvm/versions/node/v16.13.1/lib/node_modules/yarn/lib/cli.js:66147:18)
      at Request.self.callback (/Users/nikolamitev/.nvm/versions/node/v16.13.1/lib/node_modules/yarn/lib/cli.js:140883:22)
      at Request.emit (node:events:390:28)
      at Request.<anonymous> (/Users/nikolamitev/.nvm/versions/node/v16.13.1/lib/node_modules/yarn/lib/cli.js:141855:10)
      at Request.emit (node:events:390:28)
      at IncomingMessage.<anonymous> (/Users/nikolamitev/.nvm/versions/node/v16.13.1/lib/node_modules/yarn/lib/cli.js:141777:12)
      at Object.onceWrapper (node:events:509:28)
      at IncomingMessage.emit (node:events:402:35)
      at endReadableNT (node:internal/streams/readable:1343:12)
      at processTicksAndRejections (node:internal/process/task_queues:83:21)

npm manifest: 
  {
    "dependencies": {
      "@popperjs/core": "^2.11.5",
      "bootstrap": "^5.1.3"
    }
  }

yarn manifest: 
  No manifest

Lockfile: 
  # THIS IS AN AUTOGENERATED FILE. DO NOT EDIT THIS FILE DIRECTLY.
  # yarn lockfile v1
  
  
  "@popperjs/core@^2.11.5":
    version "2.11.5"
    resolved "https://registry.yarnpkg.com/@popperjs/core/-/core-2.11.5.tgz#db5a11bf66bdab39569719555b0f76e138d7bd64"
    integrity sha512-9X2obfABZuDVLCgPK9aX0a/x4jaOEweTTWE2+9sr0Qqqevj2Uv5XorvusThmc9XGYpS9yI+fhh8RTafBtGposw==
  
  bootstrap@^5.1.3:
    version "5.1.3"
    resolved "https://registry.yarnpkg.com/bootstrap/-/bootstrap-5.1.3.tgz#ba081b0c130f810fa70900acbc1c6d3c28fa8f34"
    integrity sha512-fcQztozJ8jToQWXxVuEyXWW+dSo8AiXWKwiSSrKWsRB/Qt+Ewwza+JWoLKiTuQLaEPhdNAJ7+Dosc9DOIqNy7Q==
